0,0,1000,1707219000
0,0,1000,1716950000
0,0,1000,73258000
0,3,103,22179000
0,3,103,118232000
0,3,103,159798000
0,4,104,56765000
0,7,107,42628000
0,4,104,44059000
0,1,1000,55841000
0,3,103,67772000
0,3,103,47535000
0,1,1000,40233000
0,1,1000,19061000
0,4,104,43742000
0,1,1000,16227000
0,3,103,37939000
0,1,1000,81354000
0,3,103,78948000
0,9,109,54192000
0,9,109,24669000
0,7,107,13543000
0,1,1000,24925000
0,1,1000,10276000
0,7,107,13717000
0,1,1000,22449000
0,7,107,16204000
0,7,107,15542000
0,1,1000,12656000
0,3,103,30701000
0,3,103,31939000
0,7,107,28038000
0,3,103,14085000
0,9,109,11160000
0,1,1000,18252000
0,1,1000,9024000
0,9,109,4516000
0,1,1000,13551000
0,1,1000,32963000
0,7,107,51752000
0,7,107,41134000
0,1,1000,20239000
0,4,104,34128000
0,9,109,36285000
0,4,104,35781000
0,1,1000,3067000
0,1,1000,7344000
0,4,104,13013000
0,4,104,9508000
0,7,107,7276000
0,3,103,6901000
0,1,1000,7263000
0,7,107,10193000
0,4,104,13883000
0,4,104,10142000
0,7,107,11570000
0,3,103,12163000
0,1,1000,14211000
0,7,107,21995000
0,7,107,24169000
0,7,107,21193000
0,1,1000,12952000
0,1,1000,6674000
0,7,107,14746000
0,9,109,4450000
0,1,1000,3106000
0,1,1000,14495000
0,1,1000,16331000
0,4,104,42328000
0,4,104,62339000
0,9,109,62773000
0,3,103,33438000
0,3,103,5574000
0,1,1000,5925000
0,3,103,9710000
0,4,104,12838000
0,3,103,3555000
0,4,104,20417000
0,9,109,24140000
0,4,104,7857000
0,7,107,10881000
0,1,1000,7029000
0,3,103,8963000
0,1,1000,4342000
0,4,104,4951000
0,4,104,5730000
0,3,103,17296000
0,3,103,17821000
0,3,103,19070000
0,7,107,5278000
0,4,104,3938000
0,7,107,5476000
0,4,104,5395000
0,3,103,8942000
0,7,107,5807000
0,4,104,6086000
0,9,109,2712000
0,4,104,5128000
0,3,103,7765000
0,1,1000,6716000
0,3,103,6474000
0,1,1000,4157000
0,9,109,5860000
0,4,104,2734000
0,1,1000,8573000
0,1,1000,7982000
0,3,103,7074000
0,4,104,22448000
0,1,1000,22343000
0,4,104,22149000
0,3,103,5182000
0,3,103,4201000
0,1,1000,5370000
0,1,1000,8485000
0,4,104,6442000
0,3,103,7402000
0,3,103,8261000
0,7,107,13743000
0,1,1000,10801000
0,4,104,6571000
0,3,103,4776000
0,3,103,9230000
0,1,1000,12790000
0,7,107,12580000
0,1,1000,10877000
0,4,104,17444000
0,4,104,7634000
0,7,107,12182000
0,3,103,2489000
0,1,1000,3312000
0,3,103,5553000
0,9,109,8532000
0,1,1000,7938000
0,4,104,11167000
0,9,109,8125000
0,7,107,10314000
0,3,103,12323000
0,4,104,9056000
0,4,104,5799000
0,1,1000,4622000
0,3,103,6047000
0,3,103,10051000
0,4,104,7481000
0,4,104,7202000
0,3,103,4287000
0,1,1000,31926000
0,1,1000,55715000
0,4,104,52886000
0,4,104,24102000
0,4,104,11614000
0,3,103,12557000
0,1,1000,44420000
0,3,103,38027000
0,9,109,38055000
0,1,1000,6414000
0,4,104,5889000
0,1,1000,5415000
0,4,104,7631000
0,3,103,8506000
0,4,104,7329000
0,3,103,13839000
0,1,1000,13721000
0,3,103,13948000
0,4,104,6871000
0,1,1000,5732000
0,9,109,8468000
0,3,103,6179000
0,3,103,5543000
0,4,104,4323000
0,4,104,6466000
0,1,1000,7020000
0,3,103,4857000
0,3,103,5748000
0,1,1000,3335000
0,7,107,3843000
0,9,109,5147000
0,3,103,5450000
0,4,104,8412000
0,7,107,15557000
0,3,103,11043000
0,1,1000,15595000
0,7,107,4303000
0,7,107,10074000
0,1,1000,12241000
0,4,104,11846000
0,7,107,7486000
0,4,104,11663000
0,9,109,6665000
0,3,103,4803000
0,7,107,10615000
0,4,104,6438000
0,4,104,8239000
0,4,104,2670000
0,3,103,2860000
0,3,103,2225000
0,7,107,4316000
0,3,103,16340000
0,1,1000,16807000
0,4,104,39461000
0,1,1000,26992000
0,1,1000,31199000
0,3,103,9420000
0,4,104,7588000
0,1,1000,2915000
0,7,107,2795000
0,4,104,5814000
0,7,107,8783000
0,3,103,9506000
0,3,103,13708000
0,7,107,8495000
0,1,1000,8573000
0,1,1000,3922000
0,3,103,9209000
0,1,1000,12366000
0,4,104,9409000
0,1,1000,11683000
0,1,1000,19361000
0,1,1000,21224000
0,7,107,20681000
0,4,104,16231000
0,7,107,13976000
0,3,103,10179000
0,3,103,10038000
0,4,104,11135000
0,9,109,11921000
0,1,1000,6937000
0,3,103,9864000
0,3,103,8701000
0,4,104,7538000
0,1,1000,4351000
0,4,104,8576000
0,3,103,7522000
0,1,1000,4140000
0,3,103,9452000
0,3,103,11278000
0,1,1000,13185000
0,7,107,8896000
0,4,104,9181000
0,7,107,9268000
0,7,107,8428000
0,4,104,7590000
0,3,103,5595000
0,4,104,4140000
0,3,103,2928000
0,7,107,3164000
0,3,103,5151000
0,1,1000,7021000
0,1,1000,10842000
0,4,104,32843000
0,1,1000,30587000
0,7,107,25858000
0,3,103,4354000
0,1,1000,4401000
0,9,109,7374000
0,4,104,5078000
0,4,104,4294000
0,3,103,3040000
0,3,103,2459000
0,3,103,3075000
0,4,104,3118000
0,3,103,3433000
0,3,103,1865000
0,9,109,3177000
0,1,1000,3690000
0,4,104,2818000
0,4,104,3141000
0,1,1000,3243000
0,4,104,3156000
0,3,103,3504000
0,7,107,2127000
0,7,107,3852000
0,9,109,5795000
0,7,107,5430000
0,7,107,4662000
0,4,104,4351000
0,3,103,4589000
0,4,104,5912000
0,3,103,5150000
0,1,1000,6649000
0,7,107,6207000
0,1,1000,6871000
0,1,1000,5644000
0,1,1000,5967000
0,1,1000,7589000
0,1,1000,4639000
0,1,1000,5458000
0,4,104,6381000
0,4,104,5705000
0,3,103,3506000
0,1,1000,7822000
0,4,104,5744000
0,9,109,6204000
0,1,1000,4716000
0,4,104,4995000
0,4,104,8778000
0,1,1000,9041000
0,3,103,3935000
0,3,103,10635000
0,7,107,6267000
0,7,107,7995000
0,7,107,8991000
0,4,104,11148000
0,4,104,22397000
0,4,104,34123000
0,1,1000,32807000
0,3,103,20551000
0,3,103,9933000
0,1,1000,7119000
0,1,1000,14676000
0,3,103,9981000
0,7,107,17388000
0,7,107,16355000
0,7,107,22957000
0,1,1000,13903000
0,4,104,13858000
0,9,109,10145000
0,7,107,10368000
0,4,104,9845000
0,1,1000,18073000
0,3,103,16656000
0,3,103,14645000
0,1,1000,8483000
0,7,107,8278000
0,4,104,7544000
0,7,107,8088000
0,3,103,7485000
0,3,103,12363000
0,4,104,11010000
0,1,1000,9441000
0,4,104,11707000
0,1,1000,12083000
0,9,109,9167000
0,3,103,5884000
0,1,1000,4573000
0,1,1000,3314000
0,4,104,4144000
0,4,104,5803000
0,4,104,6569000
0,3,103,7381000
0,3,103,25167000
0,4,104,28381000
0,7,107,27760000
0,7,107,8529000
0,4,104,8140000
0,1,1000,9188000
0,4,104,10582000
0,3,103,5729000
0,1,1000,5013000
0,3,103,3736000
0,9,109,4656000
0,3,103,3974000
0,4,104,12440000
0,4,104,15316000
0,7,107,19880000
0,3,103,10621000
0,7,107,9503000
0,3,103,38249000
0,1,1000,29930000
0,4,104,27500000
0,7,107,10901000
0,1,1000,5647000
0,7,107,5054000
0,4,104,6650000
0,1,1000,6586000
0,7,107,9362000
0,3,103,9286000
0,1,1000,9460000
0,9,109,10681000
0,9,109,27121000
0,1,1000,26696000
0,3,103,25556000
0,9,109,5292000
0,4,104,2769000
0,4,104,6247000
0,1,1000,4514000
0,1,1000,3118000
0,3,103,2988000
0,1,1000,3516000
0,4,104,3116000
0,4,104,4569000
0,3,103,3072000
0,3,103,2539000
0,7,107,6726000
0,1,1000,3680000
0,4,104,3340000
0,4,104,6806000
0,3,103,6239000
0,4,104,15989000
0,3,103,13579000
0,3,103,15536000
0,3,103,9730000
0,4,104,8870000
0,7,107,6905000
0,1,1000,5857000
0,3,103,5709000
0,9,109,6892000
0,1,1000,7552000
0,4,104,8329000
0,1,1000,6255000
0,1,1000,8148000
0,3,103,8529000
0,4,104,15813000
0,9,109,22822000
0,1,1000,27507000
0,4,104,15126000
0,4,104,3240000
0,7,107,2188000
0,3,103,1960000
0,3,103,2355000
0,7,107,6202000
0,1,1000,6727000
0,4,104,10364000
0,9,109,5117000
0,4,104,3747000
0,3,103,3071000
0,4,104,3565000
0,3,103,4434000
0,1,1000,5468000
0,3,103,5868000
0,1,1000,5201000
0,9,109,4167000
0,1,1000,4191000
0,4,104,4255000
0,3,103,3769000
0,7,107,3298000
0,3,103,2840000
0,4,104,4588000
0,7,107,4612000
0,4,104,5370000
0,4,104,5397000
0,9,109,5197000
0,3,103,4809000
0,3,103,3056000
0,7,107,5666000
0,7,107,6261000
0,1,1000,7628000
0,1,1000,7194000
0,3,103,6012000
0,1,1000,4660000
0,4,104,3657000
0,7,107,4478000
0,7,107,3638000
0,3,103,3279000
0,1,1000,2923000
0,7,107,2975000
0,4,104,3965000
0,7,107,3975000
0,3,103,2772000
0,1,1000,6224000
0,1,1000,3932000
0,4,104,13481000
0,4,104,11814000
0,1,1000,13973000
0,3,103,23326000
0,7,107,28728000
0,1,1000,30884000
0,4,104,10539000
0,4,104,4630000
0,3,103,4871000
0,7,107,19126000
0,3,103,18991000
0,1,1000,15142000
0,4,104,6134000
0,1,1000,6315000
0,3,103,10936000
0,3,103,7115000
0,1,1000,7034000
0,4,104,6357000
0,1,1000,29016000
0,4,104,26509000
0,3,103,23882000
0,4,104,16302000
0,1,1000,16516000
0,3,103,21545000
0,1,1000,11200000
0,4,104,10901000
0,4,104,6062000
0,9,109,11798000
0,3,103,5373000
0,4,104,15665000
0,3,103,18750000
0,1,1000,25184000
0,3,103,9553000
0,7,107,9566000
0,7,107,3594000
0,4,104,2851000
0,1,1000,4014000
0,3,103,6145000
0,7,107,11896000
0,7,107,4346000
0,4,104,2708000
0,4,104,3307000
0,1,1000,2627000
0,3,103,2724000
0,3,103,4029000
0,4,104,3213000
0,3,103,4928000
0,3,103,20680000
0,1,1000,20605000
0,4,104,29463000
0,1,1000,3801000
0,3,103,3553000
0,4,104,7179000
0,7,107,8673000
0,7,107,8127000
0,1,1000,10141000
0,4,104,10048000
0,1,1000,8761000
0,7,107,6700000
0,3,103,6631000
0,7,107,7722000
0,4,104,8099000
0,4,104,6254000
0,7,107,3716000
0,3,103,4090000
0,7,107,3650000
0,3,103,10216000
0,4,104,9205000
0,1,1000,8963000
0,4,104,5344000
0,3,103,3769000
0,9,109,3202000
0,3,103,3243000
0,7,107,2536000
0,1,1000,1874000
0,1,1000,4480000
0,1,1000,3172000
0,3,103,2543000
0,7,107,3298000
0,4,104,5917000
0,4,104,6276000
0,4,104,6598000
0,3,103,4376000
0,7,107,3827000
0,3,103,3942000
0,7,107,3905000
0,9,109,2395000
0,7,107,4923000
0,4,104,4369000
0,4,104,4961000
0,4,104,6008000
0,3,103,4058000
0,3,103,2275000
0,3,103,2357000
0,3,103,2657000
0,7,107,3517000
0,7,107,3032000
0,4,104,4300000
0,7,107,3910000
0,7,107,3876000
0,7,107,4542000
0,4,104,5676000
0,3,103,5268000
0,1,1000,3498000
0,3,103,2527000
0,1,1000,3847000
0,4,104,4211000
0,4,104,5308000
0,1,1000,3982000
0,3,103,3344000
0,3,103,2815000
0,7,107,2493000
0,4,104,5955000
0,1,1000,6023000
0,7,107,6017000
0,3,103,3011000
0,4,104,4237000
0,4,104,5338000
0,4,104,5644000
0,3,103,3855000
0,4,104,4028000
0,3,103,3185000
0,1,1000,3943000
0,3,103,3049000
0,1,1000,4290000
0,1,1000,3182000
0,9,109,3653000
0,4,104,4381000
0,4,104,4277000
0,1,1000,4042000
0,3,103,1799000
0,3,103,2191000
0,1,1000,3252000
0,4,104,4805000
0,4,104,5497000
0,3,103,4269000
0,3,103,3787000
0,3,103,2402000
0,1,1000,3406000
0,7,107,7064000
0,1,1000,8524000
0,1,1000,4635000
0,4,104,9402000
0,3,103,4070000
0,3,103,2248000
0,4,104,4248000
0,1,1000,4178000
0,4,104,7302000
0,3,103,5369000
0,7,107,1444000
0,1,1000,5706000
0,1,1000,3959000
0,7,107,4404000
0,4,104,5935000
0,4,104,5399000
0,4,104,6509000
0,9,109,5357000
0,3,103,5932000
0,3,103,6584000
0,4,104,8153000
0,1,1000,7366000
0,4,104,7198000
0,3,103,4813000
0,4,104,2903000
0,3,103,1568000
0,1,1000,4525000
0,3,103,5542000
0,4,104,3526000
0,3,103,4457000
0,3,103,4255000
0,1,1000,5771000
0,1,1000,3320000
0,3,103,3972000
0,4,104,3955000
0,4,104,9314000
0,4,104,9637000
0,3,103,9466000
0,7,107,13710000
0,4,104,21218000
0,1,1000,21709000
0,4,104,11101000
0,3,103,8018000
0,1,1000,7911000
0,3,103,7792000
0,7,107,8642000
0,1,1000,6750000
0,1,1000,7260000
0,7,107,5889000
0,7,107,6954000
0,1,1000,6181000
0,1,1000,8493000
0,7,107,8957000
0,4,104,9344000
0,7,107,5699000
0,4,104,3632000
0,3,103,2450000
0,3,103,2224000
0,4,104,4215000
0,1,1000,3079000
0,1,1000,4651000
0,3,103,4552000
0,1,1000,4169000
0,1,1000,3828000
0,4,104,7319000
0,1,1000,6509000
0,3,103,7636000
0,3,103,5808000
0,4,104,6083000
0,1,1000,4413000
0,7,107,2864000
0,7,107,3918000
0,3,103,7266000
0,4,104,8036000
0,1,1000,5974000
0,4,104,4721000
0,3,103,2642000
0,7,107,3586000
0,3,103,5781000
0,3,103,5639000
0,4,104,4485000
0,9,109,3470000
0,9,109,4908000
0,9,109,4824000
0,1,1000,3864000
0,4,104,4603000
0,1,1000,4556000
0,1,1000,7979000
0,4,104,7938000
0,9,109,5417000
0,9,109,7264000
0,3,103,5444000
0,9,109,6158000
0,1,1000,3163000
0,4,104,4439000
0,1,1000,4845000
0,4,104,6058000
0,3,103,4333000
0,4,104,5201000
0,3,103,3702000
0,7,107,3084000
0,3,103,3320000
0,7,107,9387000
0,1,1000,10232000
0,4,104,9024000
0,9,109,3097000
0,7,107,3836000
0,3,103,3194000
0,4,104,4669000
0,3,103,3085000
0,7,107,3655000
0,3,103,3317000
0,4,104,4086000
0,7,107,4754000
0,9,109,3581000
0,1,1000,3276000
0,1,1000,3506000
0,1,1000,5018000
0,9,109,5520000
0,4,104,6016000
0,1,1000,4209000
0,1,1000,4320000
0,3,103,5087000
0,1,1000,3683000
0,1,1000,8000000
0,7,107,3909000
0,7,107,5058000
0,7,107,13433000
0,7,107,16238000
0,4,104,24901000
0,7,107,15181000
0,1,1000,13584000
0,3,103,4483000
0,3,103,4101000
0,1,1000,3105000
0,4,104,6870000
0,1,1000,4966000
0,3,103,1542000
0,3,103,2177000
0,1,1000,2302000
0,7,107,2759000
0,1,1000,5138000
0,4,104,4093000
0,1,1000,5636000
0,3,103,4995000
0,4,104,7532000
0,1,1000,5038000
0,1,1000,3173000
0,4,104,4310000
0,3,103,6849000
0,4,104,6618000
0,4,104,5660000
0,4,104,3442000
0,3,103,14992000
0,3,103,14335000
0,1,1000,14560000
0,1,1000,6515000
0,1,1000,11620000
0,9,109,10387000
0,1,1000,4393000
0,3,103,3035000
0,3,103,3772000
0,1,1000,3332000
0,1,1000,3440000
0,4,104,4008000
0,4,104,23461000
0,1,1000,23121000
0,9,109,25258000
0,3,103,5008000
0,3,103,6568000
0,4,104,4428000
0,4,104,4218000
0,4,104,2812000
0,3,103,2326000
0,3,103,3220000
0,9,109,2477000
0,7,107,3695000
0,9,109,2891000
0,1,1000,3594000
0,1,1000,3064000
0,7,107,3551000
0,1,1000,2769000
0,1,1000,4163000
0,4,104,2960000
0,7,107,5077000
0,1,1000,1981000
0,7,107,2286000
0,7,107,5882000
0,4,104,5434000
0,9,109,6035000
0,1,1000,3562000
0,3,103,5433000
0,4,104,6090000
0,7,107,6870000
0,1,1000,4544000
0,3,103,4343000
0,1,1000,3855000
0,1,1000,4507000
0,4,104,4633000
0,4,104,5110000
0,1,1000,4642000
0,3,103,5151000
0,3,103,4406000
0,7,107,3491000
0,1,1000,3148000
0,1,1000,2947000
0,7,107,5458000
0,4,104,7035000
0,4,104,5809000
0,4,104,3674000
0,3,103,1577000
0,3,103,2796000
0,3,103,4862000
0,1,1000,3533000
0,1,1000,6337000
0,7,107,2939000
0,1,1000,4358000
0,3,103,5481000
0,1,1000,4766000
0,4,104,3349000
0,1,1000,4099000
0,9,109,10972000
0,3,103,9362000
0,9,109,3263000
0,4,104,9481000
0,1,1000,3498000
0,4,104,3986000
0,3,103,4064000
0,4,104,2714000
0,1,1000,4376000
0,7,107,5918000
0,3,103,3564000
0,7,107,3419000
0,4,104,5500000
0,1,1000,6265000
0,4,104,6750000
0,3,103,1420000
0,1,1000,2770000
0,4,104,4665000
0,3,103,6449000
0,1,1000,2887000
0,3,103,5298000
0,4,104,5365000
0,1,1000,11557000
0,7,107,12352000
0,3,103,9627000
0,7,107,12809000
0,9,109,12728000
0,1,1000,13083000
0,7,107,5173000
0,1,1000,3380000
0,3,103,3169000
0,3,103,3218000
0,1,1000,3319000
0,1,1000,3881000
0,1,1000,3304000
0,1,1000,3302000
0,3,103,3974000
0,7,107,3674000
0,1,1000,4406000
0,9,109,3711000
0,4,104,3980000
0,4,104,3529000
0,4,104,4939000
0,7,107,4905000
0,3,103,4283000
0,1,1000,3752000
0,7,107,3793000
0,4,104,3614000
0,7,107,3358000
0,4,104,5220000
0,3,103,4614000
0,4,104,5331000
0,3,103,3358000
0,4,104,5084000
0,1,1000,4391000
0,4,104,5032000
0,3,103,3884000
0,7,107,3434000
0,3,103,2891000
0,4,104,4084000
0,3,103,3438000
0,1,1000,3697000
0,3,103,2963000
0,9,109,4048000
0,1,1000,3330000
0,9,109,3626000
0,4,104,4748000
0,7,107,5145000
0,1,1000,5049000
0,7,107,2291000
0,4,104,4354000
0,4,104,7188000
0,3,103,4168000
0,4,104,7118000
0,3,103,10453000
0,1,1000,11004000
0,3,103,9236000
0,7,107,4004000
0,1,1000,3094000
0,4,104,3252000
0,1,1000,4328000
0,3,103,2034000
0,4,104,4139000
0,4,104,2665000
0,3,103,3312000
0,3,103,2695000
0,3,103,2583000
0,1,1000,6417000
0,7,107,8853000
0,3,103,22138000
0,4,104,19305000
0,9,109,17784000
0,3,103,6422000
0,1,1000,5008000
0,1,1000,6739000
0,1,1000,7804000
0,7,107,3509000
0,4,104,8094000
0,4,104,4206000
0,3,103,7899000
0,3,103,10757000
0,4,104,9990000
0,4,104,7494000
0,1,1000,5595000
0,7,107,5166000
0,7,107,5701000
0,1,1000,4067000
0,9,109,5135000
0,7,107,3943000
0,4,104,3276000
0,1,1000,4908000
0,1,1000,4087000
0,3,103,5324000
0,4,104,4939000
0,1,1000,6149000
0,1,1000,11855000
0,3,103,11285000
0,3,103,11583000
0,7,107,5868000
0,4,104,7123000
0,7,107,6353000
0,1,1000,6199000
0,3,103,5174000
0,7,107,3893000
0,4,104,4221000
0,4,104,5335000
0,4,104,7211000
0,3,103,6272000
0,3,103,5692000
0,7,107,6260000
0,3,103,6777000
0,4,104,9985000
0,7,107,10371000
0,1,1000,14044000
0,3,103,10283000
0,7,107,8078000
0,4,104,7610000
0,7,107,8705000
0,3,103,10756000
0,1,1000,5634000
0,7,107,4052000
0,9,109,4283000
0,4,104,3719000
0,4,104,3494000
0,3,103,3132000
0,3,103,3242000
0,3,103,2759000
0,1,1000,4178000
0,1,1000,3772000
0,7,107,4726000
0,4,104,4529000
0,4,104,3893000
0,1,1000,4295000
0,3,103,48568000
0,4,104,45366000
0,3,103,49279000
0,4,104,3943000
0,3,103,4098000
0,9,109,4250000
0,1,1000,2232000
0,1,1000,3561000
0,7,107,3601000
0,4,104,4020000
0,7,107,3341000
0,4,104,4250000
0,7,107,4109000
0,4,104,4005000
0,3,103,3442000
0,9,109,3224000
0,3,103,2310000
0,4,104,3192000
0,7,107,3363000
0,1,1000,3557000
0,3,103,2658000
0,4,104,3688000
0,7,107,2875000
0,9,109,3849000
0,3,103,2371000
0,1,1000,4721000
0,4,104,12254000
0,1,1000,10963000
0,1,1000,11603000
0,3,103,3393000
0,1,1000,4783000
0,7,107,3283000
0,4,104,3072000
0,9,109,3784000
0,1,1000,7391000
0,3,103,7948000
0,1,1000,6537000
0,7,107,3217000
0,4,104,5095000
0,7,107,4957000
0,9,109,5004000
0,3,103,2711000
0,1,1000,2195000
0,4,104,6286000
0,1,1000,6537000
0,7,107,4682000
0,3,103,4270000
0,4,104,3467000
0,1,1000,7306000
0,3,103,6683000
0,1,1000,9860000
0,7,107,7084000
0,4,104,5702000
0,4,104,3759000
0,1,1000,2508000
0,3,103,2230000
0,3,103,3862000
0,1,1000,2511000
0,4,104,3578000
0,1,1000,7431000
0,3,103,7042000
0,3,103,4694000
0,7,107,3125000
0,9,109,4424000
0,9,109,7089000
0,4,104,14229000
0,4,104,12114000
0,1,1000,10794000
0,3,103,3401000
0,9,109,3758000
0,7,107,3725000
0,4,104,3922000
0,7,107,3380000
0,3,103,2811000
0,3,103,4358000
0,7,107,2680000
0,4,104,6530000
0,1,1000,3855000
0,3,103,1515000
0,7,107,2978000
0,1,1000,2033000
0,1,1000,3164000
0,4,104,4951000
0,7,107,4195000
0,4,104,5663000
0,1,1000,8785000
0,4,104,10511000
0,3,103,12324000
0,7,107,5436000
0,3,103,5592000
0,7,107,2996000
0,1,1000,3223000
0,1,1000,3780000
0,1,1000,3065000
0,4,104,4030000
0,1,1000,8551000
0,4,104,11360000
0,3,103,10155000
0,9,109,3722000
0,3,103,3427000
0,4,104,6048000
0,7,107,3038000
0,4,104,5817000
0,3,103,1851000
0,3,103,1420000
0,4,104,3757000
0,9,109,3932000
0,1,1000,3701000
0,3,103,4553000
0,1,1000,2470000
0,4,104,5687000
0,7,107,3605000
0,3,103,1764000
0,4,104,3953000
0,3,103,4867000
0,3,103,2270000
0,4,104,4926000
0,1,1000,4004000
0,1,1000,4481000
0,4,104,4458000
0,7,107,4601000
0,1,1000,4605000
0,3,103,3643000
0,3,103,5676000
0,1,1000,5500000
0,4,104,5600000
0,7,107,7336000
0,1,1000,7220000
0,3,103,7898000
0,4,104,3468000
0,4,104,3864000
0,1,1000,6374000
0,4,104,6251000
0,3,103,7052000
0,3,103,2303000
0,1,1000,4072000
0,7,107,2148000
0,7,107,4487000
0,1,1000,2640000
0,1,1000,5375000
0,1,1000,2701000
0,9,109,5030000
0,7,107,8689000
0,9,109,9278000
0,4,104,10894000
0,1,1000,7203000
0,4,104,7912000
0,3,103,4367000
0,1,1000,3830000
0,3,103,4145000
0,4,104,4206000
0,7,107,5150000
0,9,109,5658000
0,3,103,5775000
0,4,104,6207000
0,1,1000,6052000
0,9,109,4230000
0,3,103,4839000
0,7,107,4656000
0,7,107,3703000
0,1,1000,4242000
0,7,107,4243000
0,1,1000,4063000
0,7,107,2234000
0,4,104,3039000
0,1,1000,3052000
0,3,103,2889000
0,4,104,5541000
0,1,1000,4414000
0,1,1000,3475000
0,3,103,4266000
0,1,1000,3561000
0,9,109,3710000
0,1,1000,3625000
0,7,107,3540000
0,1,1000,2880000
0,4,104,2329000
0,1,1000,3059000
0,4,104,3304000
0,3,103,5031000
0,1,1000,4735000
0,3,103,4618000
0,4,104,4168000
0,4,104,3776000
0,7,107,4095000
0,3,103,3751000
0,3,103,2606000
0,9,109,2559000
0,1,1000,3101000
0,4,104,3798000
0,3,103,4278000
0,7,107,7110000
0,3,103,7826000
0,7,107,7639000
0,4,104,6599000
0,7,107,5592000
0,1,1000,5475000
0,3,103,2872000
0,3,103,3190000
0,4,104,3175000
0,4,104,3831000
0,1,1000,4523000
0,4,104,6955000
0,3,103,5129000
0,4,104,2633000
0,1,1000,2722000
0,7,107,2727000
0,3,103,2581000
0,4,104,3060000
0,4,104,3619000
0,1,1000,3971000
0,3,103,4428000
0,3,103,5189000
0,7,107,4570000
0,7,107,4058000
0,7,107,2834000
0,3,103,2869000
0,7,107,2764000
0,7,107,2649000
0,4,104,3126000
0,4,104,3829000
0,1,1000,4885000
0,4,104,5202000
0,3,103,12508000
0,4,104,12640000
0,3,103,11860000
0,3,103,2808000
0,4,104,6122000
0,1,1000,3409000
0,9,109,1365000
0,3,103,2121000
0,1,1000,2598000
0,1,1000,3614000
0,9,109,3027000
0,1,1000,3969000
0,1,1000,4378000
0,4,104,4851000
0,1,1000,2474000
0,7,107,1695000
0,3,103,2257000
0,4,104,2996000
0,7,107,3802000
0,4,104,3940000
0,3,103,3211000
0,1,1000,3911000
0,3,103,3441000
0,1,1000,3705000
0,1,1000,2649000
0,1,1000,3328000
0,7,107,3417000
0,7,107,3146000
0,1,1000,2920000
0,9,109,4145000
0,7,107,4127000
0,4,104,4338000
0,4,104,3862000
0,1,1000,4275000
0,3,103,3891000
0,3,103,3164000
0,4,104,3279000
0,4,104,3493000
0,9,109,3322000
0,3,103,2994000
0,3,103,3008000
0,9,109,2974000
0,4,104,2964000
0,4,104,10082000
0,1,1000,10377000
0,3,103,8561000
0,3,103,4281000
0,7,107,3419000
0,3,103,3730000
0,9,109,2744000
0,4,104,3355000
0,9,109,2945000
0,1,1000,3612000
0,3,103,3321000
0,1,1000,4542000
0,7,107,3004000
0,7,107,4442000
0,7,107,5794000
0,4,104,6161000
0,3,103,9586000
0,7,107,8083000
0,3,103,8148000
0,4,104,4578000
0,4,104,4092000
0,7,107,6946000
0,1,1000,4825000
0,1,1000,39095000
0,1,1000,32830000
0,7,107,44903000
0,1,1000,13099000
0,3,103,7001000
0,4,104,5689000
0,4,104,5510000
0,1,1000,3987000
0,3,103,2890000
0,3,103,2122000
0,3,103,2041000
0,4,104,2316000
0,1,1000,3750000
0,9,109,3629000
0,3,103,12052000
0,1,1000,2164000
0,7,107,3437000
0,1,1000,5203000
0,9,109,2240000
0,7,107,5928000
0,7,107,2637000
0,4,104,3549000
0,7,107,2223000
0,3,103,3000000
0,3,103,4461000
0,1,1000,2114000
0,7,107,4847000
0,1,1000,3047000
0,1,1000,4153000
0,1,1000,3438000
0,1,1000,2920000
0,7,107,4255000
0,1,1000,1985000
0,7,107,2217000
0,4,104,4981000
0,3,103,3522000
0,1,1000,3891000
0,7,107,1745000
0,3,103,4046000
0,7,107,3495000
0,1,1000,2562000
0,1,1000,1724000
0,3,103,2388000
0,4,104,3543000
0,4,104,3145000
0,4,104,3143000
0,9,109,5333000
0,7,107,6271000
0,1,1000,6960000
0,3,103,1487000
0,1,1000,6471000
0,7,107,4853000
0,7,107,1656000
0,1,1000,2653000
0,7,107,4254000
0,3,103,2680000
0,1,1000,4246000
0,7,107,3594000
0,4,104,4744000
0,1,1000,2829000
0,1,1000,6730000
0,4,104,6153000
0,7,107,5799000
0,7,107,4853000
0,3,103,5154000
0,7,107,5177000
0,4,104,6162000
0,7,107,8304000
0,4,104,11247000
0,4,104,7070000
0,4,104,5938000
0,3,103,5372000
0,3,103,5373000
0,7,107,6624000
0,7,107,7649000
0,1,1000,8247000
0,4,104,8372000
0,4,104,7497000
0,1,1000,6393000
0,3,103,5426000
0,3,103,14079000
0,1,1000,21406000
0,4,104,22090000
0,7,107,13357000
0,1,1000,6151000
0,3,103,6946000
0,1,1000,7695000
0,4,104,9097000
0,3,103,8960000
0,1,1000,6614000
0,4,104,5352000
0,7,107,3119000
0,1,1000,3484000
0,3,103,2015000
0,7,107,6250000
0,1,1000,5541000
0,1,1000,7792000
0,4,104,5091000
0,4,104,4760000
0,7,107,11322000
0,1,1000,17274000
0,3,103,19409000
0,9,109,11856000
0,3,103,5905000
0,1,1000,6690000
0,1,1000,8516000
0,1,1000,9629000
0,4,104,8947000
0,4,104,6650000
0,1,1000,5768000
0,3,103,6088000
0,3,103,28648000
0,1,1000,28141000
0,7,107,28952000
0,9,109,7732000
0,4,104,5992000
0,4,104,5101000
0,1,1000,5733000
0,7,107,6860000
0,3,103,5152000
0,4,104,2565000
0,3,103,2113000
0,4,104,4579000
0,4,104,5416000
0,3,103,1965000
0,7,107,2955000
0,3,103,3265000
0,4,104,3253000
0,7,107,2828000
0,3,103,2515000
0,4,104,7024000
0,4,104,3011000
0,1,1000,2113000
0,3,103,3759000
0,3,103,4394000
0,3,103,4668000
0,9,109,2699000
0,7,107,3079000
0,4,104,3776000
0,1,1000,3251000
0,4,104,4861000
0,3,103,2514000
0,4,104,5407000
0,4,104,6287000
0,9,109,4231000
0,3,103,1699000
0,3,103,1091000
0,4,104,2883000
0,1,1000,2810000
0,1,1000,2608000
0,3,103,1778000
0,7,107,1803000
0,3,103,1587000
0,7,107,1454000
0,4,104,1844000
0,4,104,2399000
0,9,109,1312000
0,4,104,2714000
0,3,103,2535000
0,9,109,5574000
0,1,1000,3689000
0,3,103,4793000
0,1,1000,5125000
0,4,104,4899000
0,3,103,6777000
0,7,107,4209000
0,3,103,5454000
0,4,104,8292000
0,4,104,12984000
0,9,109,2027000
0,3,103,6859000
0,7,107,9818000
0,7,107,8489000
0,7,107,4326000
0,3,103,3754000
0,7,107,3841000
0,1,1000,5268000
0,3,103,5436000
0,7,107,10171000
0,1,1000,20882000
0,4,104,19321000
0,4,104,5390000
0,1,1000,2989000
0,4,104,6395000
0,1,1000,7192000
0,1,1000,5635000
0,3,103,5965000
0,4,104,11058000
0,4,104,11244000
0,1,1000,10358000
0,3,103,5338000
0,3,103,6838000
0,7,107,8050000
0,1,1000,8180000
0,7,107,7309000
0,9,109,6309000
0,1,1000,6546000
0,1,1000,7496000
0,4,104,7741000
0,7,107,7036000
0,9,109,7850000
0,3,103,5826000
0,1,1000,5108000
0,4,104,2303000
0,9,109,3380000
0,7,107,2731000
0,3,103,2855000
0,1,1000,2835000
0,7,107,3392000
0,1,1000,2972000
0,7,107,3183000
0,1,1000,3044000
0,4,104,4221000
0,1,1000,3545000
0,9,109,5097000
0,3,103,4448000
0,3,103,6139000
0,4,104,6914000
0,1,1000,9847000
0,1,1000,8898000
0,3,103,8853000
0,1,1000,10875000
0,1,1000,12209000
0,1,1000,11672000
0,1,1000,20677000
0,4,104,48492000
0,1,1000,47078000
0,4,104,32388000
0,1,1000,27120000
0,1,1000,30605000
0,3,103,30325000
0,1,1000,32863000
0,1,1000,28283000
0,4,104,29578000
0,3,103,13873000
0,3,103,13930000
0,4,104,15397000
0,1,1000,4812000
0,7,107,4854000
0,1,1000,11315000
0,3,103,15419000
0,4,104,14783000
0,1,1000,4644000
0,4,104,5455000
0,4,104,3183000
0,3,103,1748000
0,1,1000,3212000
0,3,103,3528000
0,1,1000,2361000
0,4,104,3921000
0,7,107,2397000
0,1,1000,3618000
0,3,103,2410000
0,1,1000,3376000
0,7,107,7721000
0,3,103,18617000
0,1,1000,19724000
0,1,1000,26942000
0,7,107,57442000
0,7,107,43635000
0,4,104,57555000
0,7,107,2877000
0,4,104,4596000
0,1,1000,3401000
0,3,103,5401000
0,4,104,15473000
0,3,103,25636000
0,4,104,23400000
0,4,104,22347000
0,3,103,14452000
0,9,109,15604000
0,3,103,2377000
0,1,1000,6428000
0,4,104,8673000
0,4,104,8716000
0,1,1000,5847000
0,3,103,8254000
0,3,103,8278000
0,9,109,6428000
0,7,107,4260000
0,4,104,3828000
0,3,103,4445000
0,1,1000,7146000
0,3,103,8476000
0,1,1000,7692000
0,7,107,3262000
0,1,1000,2909000
0,7,107,4090000
0,1,1000,4733000
0,1,1000,5249000
0,1,1000,3586000
0,1,1000,3819000
0,9,109,2864000
0,9,109,2727000
0,9,109,6739000
0,4,104,5928000
0,3,103,1922000
0,7,107,4233000
0,3,103,1170000
0,4,104,2367000
0,4,104,2564000
0,9,109,4048000
0,3,103,3290000
0,4,104,5168000
0,4,104,3662000
0,1,1000,2844000
0,3,103,2385000
0,3,103,2989000
0,4,104,2793000
0,7,107,4246000
0,1,1000,3702000
0,1,1000,3265000
0,3,103,1718000
0,7,107,4396000
0,1,1000,3147000
0,4,104,3459000
0,1,1000,3018000
0,1,1000,5167000
0,1,1000,3811000
0,1,1000,3305000
0,1,1000,4581000
0,7,107,6236000
0,9,109,5823000
0,4,104,5209000
0,1,1000,4320000
0,7,107,3759000
0,3,103,3899000
0,4,104,5841000
0,1,1000,4730000
0,7,107,7117000
0,3,103,6908000
0,1,1000,6578000
0,1,1000,3009000
0,1,1000,3825000
0,1,1000,2808000
0,3,103,2715000
0,7,107,2415000
0,7,107,2367000
0,9,109,2338000
0,7,107,2410000
0,4,104,4247000
0,1,1000,3973000
0,1,1000,2631000
0,3,103,3184000
0,4,104,4065000
0,1,1000,4101000
0,7,107,5107000
0,4,104,3152000
0,1,1000,3167000
0,4,104,3622000
0,3,103,3113000
0,4,104,4937000
0,3,103,3600000
0,4,104,3812000
0,3,103,1596000
0,3,103,2634000
0,7,107,4086000
0,7,107,4166000
0,4,104,5963000
0,7,107,5153000
0,7,107,6815000
0,3,103,6436000
0,7,107,6136000
0,4,104,4673000
0,9,109,2148000
0,1,1000,3189000
0,3,103,1669000
0,4,104,2487000
0,3,103,3061000
0,4,104,2411000
0,3,103,1679000
0,7,107,2329000
0,3,103,1914000
0,1,1000,1283000
0,9,109,1380000
0,4,104,4495000
0,1,1000,4698000
0,1,1000,6391000
0,9,109,3549000
0,3,103,4820000
0,7,107,8749000
0,1,1000,8704000
0,1,1000,9316000
0,1,1000,4904000
0,9,109,4087000
0,7,107,4944000
0,4,104,5214000
0,4,104,4805000
0,1,1000,3385000
0,1,1000,3422000
0,3,103,4060000
0,1,1000,17085000
0,4,104,26517000
0,1,1000,11477000
0,4,104,26967000
0,3,103,16729000
0,4,104,26983000
0,3,103,27216000
0,4,104,13994000
0,3,103,3139000
0,1,1000,3373000
0,3,103,2904000
0,9,109,6747000
0,1,1000,6157000
0,1,1000,6439000
0,7,107,5029000
0,7,107,5030000
0,4,104,5880000
0,7,107,4086000
0,7,107,4119000
0,3,103,4565000
0,4,104,5387000
0,1,1000,5191000
0,7,107,3507000
0,3,103,2958000
0,4,104,3062000
0,1,1000,3102000
0,4,104,3941000
0,3,103,3258000
0,1,1000,3005000
0,3,103,12462000
0,1,1000,13414000
0,4,104,14205000
0,9,109,5158000
0,7,107,4922000
0,3,103,5114000
0,7,107,5603000
0,3,103,5581000
0,7,107,5717000
0,3,103,6096000
0,7,107,6495000
0,1,1000,6322000
0,1,1000,6340000
0,1,1000,7103000
0,1,1000,7729000
0,1,1000,8468000
0,4,104,13308000
0,9,109,12458000
0,4,104,12822000
0,7,107,6111000
0,7,107,5156000
0,1,1000,1672000
0,7,107,3168000
0,1,1000,2607000
0,1,1000,3017000
0,1,1000,3418000
0,1,1000,5344000
0,4,104,7550000
0,1,1000,6431000
0,4,104,2254000
0,3,103,2283000
0,3,103,4943000
0,1,1000,4928000
0,9,109,5799000
0,9,109,6071000
0,4,104,8697000
0,4,104,5660000
0,4,104,5716000
0,3,103,2120000
0,3,103,2269000
0,3,103,3654000
0,3,103,4032000
0,4,104,4580000
0,7,107,1917000
0,1,1000,4972000
0,4,104,6918000
0,3,103,6813000
0,4,104,3443000
0,1,1000,2805000
0,4,104,4713000
0,3,103,2403000
0,3,103,3073000
0,1,1000,4331000
0,4,104,4212000
0,7,107,2218000
0,1,1000,6038000
0,3,103,3570000
0,4,104,3713000
0,7,107,1920000
0,1,1000,1615000
0,1,1000,4842000
0,3,103,9092000
0,4,104,7625000
0,1,1000,6860000
0,1,1000,4552000
0,3,103,3395000
0,7,107,3726000
0,1,1000,3511000
0,4,104,4206000
0,9,109,4227000
0,3,103,2987000
0,4,104,5966000
0,9,109,4092000
0,1,1000,5322000
0,3,103,5177000
0,7,107,6140000
0,3,103,4626000
0,4,104,3973000
0,1,1000,2007000
0,7,107,3936000
0,7,107,4464000
0,3,103,7223000
0,4,104,4224000
0,3,103,3460000
0,7,107,2472000
0,7,107,3058000
0,7,107,3350000
0,1,1000,3070000
0,7,107,2880000
0,1,1000,3097000
0,4,104,16545000
0,7,107,19237000
0,4,104,35171000
0,3,103,21993000
0,1,1000,20662000
0,4,104,3566000
0,7,107,4139000
0,9,109,4728000
0,3,103,3765000
0,7,107,3331000
0,4,104,2911000
0,4,104,3494000
0,7,107,4149000
0,3,103,3405000
0,3,103,2549000
0,7,107,2224000
0,1,1000,2436000
0,1,1000,2729000
0,1,1000,3506000
0,1,1000,3235000
0,7,107,4053000
0,7,107,3258000
0,7,107,3433000
0,9,109,2675000
0,1,1000,8810000
0,3,103,8671000
0,4,104,10707000
0,4,104,4885000
0,3,103,4795000
0,3,103,2379000
0,3,103,1603000
0,1,1000,2245000
0,1,1000,2566000
0,1,1000,2825000
0,3,103,2605000
0,7,107,3584000
0,4,104,3951000
0,1,1000,4274000
0,1,1000,3329000
0,3,103,2774000
0,7,107,2504000
0,4,104,5755000
0,1,1000,15011000
0,3,103,10775000
0,7,107,15755000
0,7,107,1482000
0,7,107,3681000
0,1,1000,3785000
0,1,1000,4056000
0,1,1000,2631000
0,1,1000,2152000
0,4,104,3513000
0,9,109,1771000
0,1,1000,2789000
0,1,1000,4816000
0,9,109,4137000
0,9,109,5698000
0,4,104,3943000
0,1,1000,3841000
0,9,109,3601000
0,7,107,2137000
0,1,1000,3643000
0,1,1000,4140000
0,1,1000,3342000
0,4,104,3048000
0,7,107,3388000
0,7,107,3274000
0,7,107,1782000
0,3,103,3935000
0,4,104,3727000
0,9,109,2624000
0,7,107,3873000
0,1,1000,4267000
0,3,103,6848000
0,4,104,6244000
0,3,103,5422000
0,7,107,4452000
0,3,103,2684000
0,3,103,3244000
0,7,107,4378000
0,7,107,6475000
0,7,107,4322000
0,4,104,2803000
0,4,104,4410000
0,7,107,3876000
0,7,107,4900000
0,7,107,2299000
0,3,103,2645000
0,9,109,3172000
0,3,103,3142000
0,9,109,2160000
0,4,104,3656000
0,7,107,1875000
0,3,103,2295000
0,7,107,2823000
0,1,1000,2951000
0,7,107,23352000
0,7,107,18486000
0,1,1000,29088000
0,1,1000,6655000
0,4,104,5458000
0,1,1000,5121000
0,7,107,12047000
0,7,107,13067000
0,7,107,11946000
0,4,104,6888000
0,7,107,6046000
0,4,104,7118000
0,3,103,6865000
0,1,1000,5747000
0,1,1000,3130000
0,9,109,3820000
0,7,107,5184000
0,1,1000,9689000
0,4,104,9636000
0,7,107,8624000
0,1,1000,4040000
0,3,103,3060000
0,1,1000,1802000
0,7,107,3778000
0,9,109,3741000
0,9,109,4791000
0,1,1000,2791000
0,4,104,4246000
0,1,1000,4328000
0,4,104,3933000
0,3,103,3710000
0,7,107,7034000
0,3,103,7657000
0,1,1000,6746000
0,7,107,2713000
0,3,103,2951000
0,1,1000,2509000
0,4,104,3045000
0,4,104,3640000
0,1,1000,3104000
0,4,104,3597000
0,3,103,2778000
0,1,1000,3090000
0,3,103,2184000
0,1,1000,4086000
0,4,104,5937000
0,1,1000,9675000
0,4,104,7593000
0,3,103,5652000
0,7,107,2233000
0,4,104,4258000
0,4,104,4282000
0,4,104,5233000
0,3,103,3287000
0,3,103,3346000
0,7,107,8551000
0,4,104,8895000
0,3,103,11261000
0,3,103,3095000
0,4,104,4836000
0,3,103,1236000
0,1,1000,5130000
0,1,1000,4449000
0,4,104,2605000
0,4,104,4924000
0,7,107,11380000
0,3,103,5349000
0,3,103,4833000
0,4,104,5369000
0,4,104,5945000
0,7,107,3433000
0,3,103,4520000
0,3,103,3435000
0,1,1000,5415000
0,4,104,5762000
0,1,1000,6218000
0,1,1000,4048000
0,3,103,5577000
0,9,109,2253000
0,7,107,3260000
0,1,1000,2902000
0,7,107,4122000
0,3,103,5548000
0,4,104,8561000
0,9,109,20436000
0,9,109,19349000
0,3,103,9001000
0,4,104,16019000
0,4,104,20871000
0,1,1000,17476000
0,7,107,6397000
0,3,103,3098000
0,9,109,5736000
0,1,1000,7690000
0,7,107,8033000
0,4,104,5542000
0,1,1000,3018000
0,1,1000,3292000
0,3,103,1990000
0,1,1000,3058000
0,4,104,3305000
0,1,1000,4748000
0,1,1000,24650000
0,3,103,68855000
0,4,104,69011000
0,7,107,48530000
0,1,1000,39502000
0,3,103,38738000
0,4,104,37847000
0,4,104,3457000
0,3,103,3541000
0,4,104,6432000
0,3,103,4648000
0,4,104,4308000
0,3,103,2899000
0,3,103,3556000
0,3,103,2913000
0,9,109,2539000
0,4,104,5341000
0,4,104,6486000
0,1,1000,7833000
0,7,107,3528000
0,3,103,4184000
0,7,107,4515000
0,9,109,5157000
0,4,104,3673000
0,1,1000,4031000
0,4,104,6399000
0,3,103,5457000
0,1,1000,4461000
0,3,103,1724000
0,4,104,3365000
0,7,107,3595000
0,7,107,4194000
0,3,103,2531000
0,7,107,2596000
0,3,103,2674000
0,1,1000,5098000
0,1,1000,4519000
0,7,107,5318000
0,1,1000,2956000
0,1,1000,7180000
0,4,104,12192000
0,4,104,20701000
0,7,107,9954000
0,1,1000,9783000
0,3,103,47378000
0,1,1000,49664000
0,7,107,52018000
0,7,107,6987000
0,4,104,4799000
0,1,1000,7103000
0,3,103,6332000
0,3,103,8572000
0,1,1000,10906000
0,4,104,10329000
0,1,1000,11899000
0,4,104,6261000
0,3,103,5367000
0,7,107,5400000
0,3,103,6347000
0,3,103,6634000
0,4,104,5731000
0,1,1000,6114000
0,1,1000,4945000
0,3,103,7635000
0,1,1000,11059000
0,4,104,12281000
0,4,104,29566000
0,3,103,21519000
0,1,1000,23415000
0,3,103,1611000
0,1,1000,2622000
0,3,103,2766000
0,7,107,3141000
0,4,104,3588000
0,7,107,3514000
0,1,1000,4458000
0,4,104,5572000
0,1,1000,5584000
0,4,104,5938000
0,4,104,5921000
0,1,1000,6361000
0,3,103,5280000
0,3,103,3278000
0,4,104,3280000
0,1,1000,3239000
0,3,103,3429000
0,9,109,2602000
0,1,1000,3003000
0,3,103,3536000
0,4,104,4992000
0,3,103,2936000
0,7,107,2697000
0,4,104,3887000
0,4,104,4371000
0,7,107,3259000
0,4,104,4323000
0,1,1000,2305000
0,4,104,4548000
0,3,103,4331000
0,3,103,5428000
0,4,104,4856000
0,4,104,7721000
0,3,103,2509000
0,4,104,3199000
0,3,103,2740000
0,9,109,1999000
0,3,103,3782000
0,4,104,6696000
0,1,1000,3893000
0,7,107,3363000
0,3,103,2366000
0,1,1000,6191000
0,1,1000,8169000
0,1,1000,8475000
0,1,1000,6256000
0,7,107,4781000
0,4,104,2994000
0,4,104,2345000
0,3,103,1951000
0,1,1000,4264000
0,7,107,3489000
0,3,103,4536000
0,4,104,3751000
0,7,107,3245000
0,4,104,4652000
0,3,103,3479000
0,1,1000,4872000
0,3,103,3891000
0,9,109,4877000
0,1,1000,2227000
0,4,104,3079000
0,7,107,2868000
0,3,103,2540000
0,4,104,3705000
0,7,107,2322000
0,1,1000,3119000
0,3,103,3072000
0,1,1000,2998000
0,9,109,3300000
0,1,1000,3542000
0,4,104,5699000
0,7,107,3642000
0,4,104,3017000
0,3,103,3076000
0,3,103,3196000
0,3,103,3785000
0,9,109,3009000
0,1,1000,5276000
0,4,104,3564000
0,4,104,6087000
0,3,103,4023000
0,1,1000,5992000
0,4,104,2738000
0,3,103,3012000
0,7,107,4376000
0,3,103,3034000
0,3,103,5056000
0,7,107,3941000
0,4,104,7606000
0,4,104,8287000
0,1,1000,7461000
0,1,1000,4186000
0,3,103,3169000
0,3,103,2341000
0,9,109,3713000
0,1,1000,3371000
0,4,104,4669000
0,4,104,3026000
0,7,107,3440000
0,3,103,3110000
0,4,104,3263000
0,7,107,3323000
0,4,104,4144000
0,3,103,10896000
0,3,103,3826000
0,1,1000,12079000
0,4,104,3646000
0,7,107,3576000
0,4,104,4250000
0,3,103,3705000
0,4,104,4482000
0,3,103,3068000
0,4,104,3428000
0,3,103,2337000
0,4,104,3727000
0,3,103,3156000
0,7,107,3787000
0,4,104,2482000
0,1,1000,2642000
0,1,1000,2386000
0,3,103,2195000
0,4,104,2041000
0,1,1000,1619000
0,4,104,3043000
0,3,103,1924000
0,1,1000,1382000
0,3,103,1797000
0,4,104,2907000
0,3,103,2227000
0,1,1000,1883000
0,3,103,1117000
0,7,107,1576000
0,4,104,2825000
0,7,107,2124000
0,1,1000,1734000
0,1,1000,1987000
0,1,1000,4127000
0,1,1000,3718000
0,1,1000,5322000
0,4,104,2592000
0,1,1000,1357000
0,4,104,2448000
0,3,103,1934000
0,3,103,1718000
0,4,104,2739000
0,9,109,2309000
0,7,107,1138000
0,3,103,1471000
0,9,109,1350000
0,4,104,2298000
0,1,1000,2131000
0,1,1000,1599000
0,3,103,1389000
0,9,109,1245000
0,1,1000,2206000
0,1,1000,3216000
0,7,107,2615000
0,7,107,1876000
0,7,107,1437000
0,7,107,1206000
0,4,104,2644000
0,7,107,1857000
0,1,1000,2524000
0,3,103,2935000
0,7,107,3424000
0,4,104,2342000
0,1,1000,1469000
0,4,104,2735000
0,3,103,1828000
0,3,103,1225000
0,1,1000,1978000
0,1,1000,1891000
0,1,1000,1920000
0,7,107,1463000
0,3,103,2627000
0,1,1000,8730000
0,4,104,10424000
0,1,1000,9679000
0,1,1000,3591000
0,3,103,3231000
0,7,107,2733000
0,1,1000,2974000
0,4,104,3525000
0,7,107,3790000
0,1,1000,3483000
0,3,103,4126000
0,1,1000,3896000
0,7,107,9795000
0,1,1000,9421000
0,1,1000,9468000
0,4,104,4691000
0,4,104,6635000
0,7,107,6748000
0,3,103,5217000
0,3,103,2445000
0,9,109,2850000
0,1,1000,7326000
0,1,1000,31733000
0,7,107,31518000
0,1,1000,23829000
0,1,1000,4585000
0,7,107,16400000
0,9,109,15359000
0,1,1000,14532000
0,9,109,6093000
0,1,1000,5655000
0,3,103,6481000
0,4,104,6490000
0,1,1000,6281000
0,3,103,5358000
0,3,103,5000000
0,1,1000,5833000
0,9,109,4937000
0,7,107,16295000
0,1,1000,19693000
0,4,104,24751000
0,4,104,7635000
0,4,104,15053000
0,9,109,3799000
0,3,103,1980000
0,3,103,2098000
0,4,104,2491000
0,1,1000,2535000
0,3,103,3339000
0,1,1000,2899000
0,4,104,2392000
0,1,1000,2784000
0,4,104,3120000
0,3,103,3553000
0,4,104,2154000
0,1,1000,3561000
0,3,103,3537000
0,3,103,2355000
0,7,107,2294000
0,7,107,2314000
0,7,107,2353000
0,7,107,2379000
0,1,1000,2099000
0,4,104,3604000
0,4,104,3206000
0,3,103,1978000
0,4,104,4781000
0,1,1000,4859000
0,7,107,3218000
0,4,104,3289000
0,9,109,2043000
0,4,104,2945000
0,3,103,3075000
0,7,107,2129000
0,3,103,1941000
0,4,104,3077000
0,1,1000,2597000
0,4,104,3662000
0,3,103,3074000
0,9,109,2794000
0,3,103,2542000
0,9,109,2494000
0,4,104,4681000
0,4,104,8203000
0,1,1000,10585000
0,3,103,6797000
0,3,103,7198000
0,9,109,5715000
0,4,104,8516000
0,4,104,13306000
0,4,104,5651000
0,3,103,4587000
0,3,103,4832000
0,3,103,5214000
0,1,1000,5522000
0,7,107,20091000
0,1,1000,18990000
0,4,104,17677000
0,9,109,4369000
0,3,103,3267000
0,1,1000,4218000
0,1,1000,2081000
0,9,109,2603000
0,7,107,2963000
0,4,104,2565000
0,4,104,5526000
0,4,104,4864000
0,3,103,3544000
0,3,103,1926000
0,3,103,1873000
0,7,107,6685000
0,1,1000,8911000
0,7,107,15438000
0,4,104,13543000
0,7,107,12860000
0,7,107,8432000
0,3,103,6594000
0,7,107,5339000
0,1,1000,3733000
0,1,1000,3087000
0,7,107,3126000
0,1,1000,2746000
0,4,104,3833000
0,4,104,3304000
0,3,103,3182000
0,4,104,6290000
0,3,103,4810000
0,7,107,2337000
0,3,103,2811000
0,7,107,2483000
0,4,104,3574000
0,7,107,3035000
0,4,104,4870000
0,3,103,3511000
0,9,109,3713000
0,3,103,1445000
0,1,1000,1503000
0,1,1000,3677000
0,4,104,3840000
0,3,103,1651000
0,3,103,4409000
0,9,109,4036000
0,1,1000,2759000
0,4,104,2916000
0,1,1000,3536000
0,1,1000,2140000
0,1,1000,4193000
0,4,104,3499000
0,7,107,3473000
0,1,1000,3356000
0,3,103,2643000
0,1,1000,2825000
0,4,104,2599000
0,1,1000,2763000
0,4,104,5253000
0,3,103,3834000
0,9,109,1531000
0,3,103,2225000
0,7,107,2478000
0,1,1000,3233000
0,7,107,2889000
0,1,1000,2898000
0,4,104,3349000
0,4,104,4366000
0,3,103,4446000
0,3,103,3853000
0,3,103,2681000
0,1,1000,11299000
0,1,1000,11285000
0,7,107,11233000
0,1,1000,2617000
0,4,104,6394000
0,3,103,18349000
0,4,104,20140000
0,3,103,18521000
0,3,103,7878000
0,1,1000,8622000
0,7,107,11672000
0,4,104,13639000
0,1,1000,11948000
0,9,109,11758000
0,4,104,9939000
0,1,1000,12195000
0,1,1000,9329000
0,1,1000,10259000
0,1,1000,5775000
0,4,104,6995000
0,7,107,6902000
0,3,103,4359000
0,7,107,4900000
0,7,107,2740000
0,1,1000,1422000
0,1,1000,1879000
0,1,1000,2438000
0,1,1000,2056000
0,4,104,3848000
0,4,104,2380000
0,4,104,2753000
0,3,103,2735000
0,3,103,3592000
0,3,103,3936000
0,1,1000,4157000
0,9,109,1282000
0,7,107,2137000
0,1,1000,2851000
0,4,104,6675000
0,4,104,7563000
0,3,103,1911000
0,3,103,1929000
0,4,104,9490000
0,1,1000,1559000
0,7,107,4173000
0,3,103,3496000
0,9,109,1721000
0,3,103,3938000
0,1,1000,4538000
0,4,104,5117000
0,3,103,2203000
0,4,104,3902000
0,7,107,2817000
0,4,104,4007000
0,4,104,7588000
0,4,104,2196000
0,3,103,1634000
0,3,103,2205000
0,3,103,1976000
0,7,107,1301000
0,7,107,2206000
0,9,109,1817000
0,4,104,2865000
0,3,103,2023000
0,3,103,2695000
0,4,104,3534000
0,3,103,1479000
0,1,1000,2766000
0,7,107,2618000
0,4,104,2650000
0,4,104,2387000
0,4,104,3971000
0,3,103,1845000
0,3,103,2815000
0,3,103,1708000
0,1,1000,2581000
0,7,107,1741000
0,7,107,3141000
0,4,104,3039000
0,1,1000,1993000
0,3,103,2379000
0,3,103,1818000
0,4,104,4907000
0,9,109,1602000
0,7,107,2520000
0,9,109,3789000
0,1,1000,1997000
0,1,1000,2398000
0,4,104,2596000
0,4,104,6291000
0,4,104,3062000
0,3,103,4983000
0,4,104,4937000
0,3,103,5419000
0,4,104,5066000
0,3,103,5000000
0,7,107,2418000
0,3,103,2959000
0,1,1000,4707000
0,9,109,2056000
0,4,104,2249000
0,7,107,2331000
0,3,103,2413000
0,7,107,2529000
0,1,1000,2360000
0,4,104,2727000
0,4,104,4369000
0,3,103,1871000
0,1,1000,2985000
0,3,103,1494000
0,7,107,1242000
0,1,1000,3086000
0,4,104,4227000
0,4,104,2333000
0,7,107,3380000
0,3,103,3585000
0,3,103,5021000
0,4,104,5641000
0,4,104,6513000
0,3,103,5535000
0,3,103,5673000
0,1,1000,6917000
0,7,107,2410000
0,4,104,3601000
0,1,1000,4693000
0,3,103,43010000
0,1,1000,45186000
0,4,104,46204000
0,9,109,5477000
0,7,107,7849000
0,3,103,14488000
0,9,109,13844000
0,7,107,11637000
0,3,103,3871000
0,4,104,6285000
0,4,104,4753000
0,1,1000,5410000
0,3,103,3269000
0,3,103,5356000
0,7,107,4476000
0,4,104,5938000
0,7,107,3905000
0,1,1000,5413000
0,3,103,4271000
0,3,103,2677000
0,4,104,3462000
0,9,109,1798000
0,9,109,3066000
0,3,103,2281000
0,3,103,2654000
0,3,103,3313000
0,1,1000,3215000
0,1,1000,4694000
0,4,104,3244000
0,7,107,4432000
0,7,107,2934000
0,4,104,4955000
0,4,104,4380000
0,4,104,4909000
0,3,103,3493000
0,3,103,4689000
0,4,104,3870000
0,4,104,4897000
0,4,104,3919000
0,4,104,3508000
0,3,103,3234000
0,3,103,1611000
0,1,1000,3097000
0,7,107,2496000
0,4,104,3245000
0,9,109,2851000
0,1,1000,2690000
0,3,103,2655000
0,1,1000,301000
0,7,107,1827000
0,4,104,2374000
0,3,103,2683000
0,1,1000,4432000
0,4,104,3459000
0,4,104,2670000
0,3,103,2294000
0,3,103,1467000
0,4,104,4458000
0,4,104,2887000
0,4,104,3142000
0,3,103,1972000
0,3,103,1852000
0,3,103,2189000
0,4,104,2003000
0,4,104,2400000
0,1,1000,2402000
0,3,103,2030000
0,3,103,2250000
0,4,104,2436000
0,4,104,2492000
0,1,1000,2756000
0,3,103,2346000
0,9,109,1431000
0,1,1000,2183000
0,3,103,3788000
0,4,104,2775000
0,4,104,3051000
0,1,1000,3266000
0,3,103,3866000
0,3,103,3305000
0,1,1000,4046000
0,3,103,2730000
0,1,1000,4417000
0,4,104,2890000
0,7,107,5381000
0,1,1000,4582000
0,3,103,5373000
0,1,1000,4952000
0,1,1000,3324000
0,1,1000,3408000
0,1,1000,1908000
0,4,104,2489000
0,3,103,3228000
0,7,107,6870000
0,7,107,4009000
0,1,1000,4788000
0,1,1000,4764000
0,1,1000,5142000
0,4,104,5735000
0,4,104,6009000
0,3,103,5970000
0,3,103,3234000
0,3,103,3233000
0,7,107,3303000
0,7,107,1679000
0,7,107,3668000
0,1,1000,3871000
0,4,104,3783000
0,7,107,3890000
0,4,104,3809000
0,3,103,1515000
0,7,107,4143000
0,3,103,4400000
0,1,1000,1339000
0,7,107,3032000
0,7,107,3944000
0,3,103,4338000
0,1,1000,2206000
0,3,103,2961000
0,1,1000,1562000
0,1,1000,3354000
0,4,104,4727000
0,1,1000,3420000
0,4,104,4004000
0,1,1000,3884000
0,9,109,3548000
0,4,104,3826000
0,3,103,3061000
0,1,1000,3951000
0,7,107,2007000
0,4,104,3299000
0,7,107,4149000
0,7,107,4694000
0,3,103,4318000
0,4,104,5085000
0,4,104,3656000
0,1,1000,3143000
0,4,104,3718000
0,3,103,2724000
0,9,109,2325000
0,7,107,2194000
0,1,1000,2931000
0,1,1000,3409000
0,1,1000,8624000
0,4,104,9827000
0,3,103,4696000
0,7,107,15490000
0,3,103,5506000
0,9,109,1662000
0,9,109,2456000
0,1,1000,3708000
0,1,1000,3360000
0,1,1000,4057000
0,4,104,4159000
0,3,103,3388000
0,3,103,10544000
0,1,1000,15646000
0,3,103,16174000
0,4,104,8847000
0,4,104,7728000
0,4,104,4923000
0,3,103,2355000
0,3,103,1943000
0,4,104,6385000
0,7,107,8711000
0,1,1000,7538000
0,3,103,2867000
0,9,109,1948000
0,3,103,1728000
0,9,109,2927000
0,1,1000,2119000
0,1,1000,2987000
0,1,1000,2499000
0,4,104,3417000
0,4,104,4582000
0,7,107,3699000
0,4,104,2219000
0,4,104,3302000
0,4,104,3993000
0,3,103,3846000
0,4,104,2974000
0,3,103,3454000
0,7,107,3987000
0,3,103,2634000
0,7,107,2946000
0,4,104,6272000
0,1,1000,5088000
0,4,104,6008000
0,3,103,3938000
0,1,1000,3045000
0,3,103,6955000
0,7,107,4487000
0,1,1000,1014000
0,9,109,9950000
0,1,1000,6819000
0,4,104,3042000
0,1,1000,3083000
0,3,103,1996000
0,9,109,1491000
0,4,104,2241000
0,1,1000,19261000
0,4,104,4912000
0,9,109,3373000
0,3,103,5805000
0,3,103,3735000
0,1,1000,919000
0,3,103,2846000
0,7,107,1787000
0,7,107,1852000
0,4,104,2765000
0,3,103,2246000
0,4,104,1962000
0,9,109,20233000
0,3,103,2452000
0,3,103,15308000
0,9,109,1606000
0,7,107,3832000
0,1,1000,5541000
0,3,103,4365000
0,1,1000,2674000
0,1,1000,1928000
0,9,109,2628000
0,4,104,4527000
0,1,1000,3728000
0,4,104,7775000
0,7,107,4175000
0,3,103,6191000
0,1,1000,2025000
0,4,104,3450000
0,9,109,4288000
0,1,1000,3177000
0,4,104,3854000
0,1,1000,3680000
0,3,103,3397000
0,1,1000,4211000
0,4,104,4686000
0,1,1000,5457000
0,1,1000,3765000
0,3,103,2745000
0,4,104,16083000
0,1,1000,18252000
0,1,1000,1698000
0,3,103,2740000
0,1,1000,3336000
0,1,1000,3378000
0,1,1000,3832000
0,1,1000,3656000
0,4,104,3702000
0,1,1000,4080000
0,1,1000,3037000
0,3,103,3455000
0,1,1000,2399000
0,1,1000,3641000
0,7,107,2928000
0,1,1000,2674000
0,4,104,3169000
0,4,104,4705000
0,7,107,3238000
0,3,103,1655000
0,1,1000,2269000
0,7,107,3781000
0,7,107,2792000
0,7,107,3429000
0,4,104,3664000
0,3,103,3359000
0,7,107,3258000
0,3,103,2223000
0,7,107,2554000
0,1,1000,2536000
0,4,104,5051000
0,7,107,3718000
0,4,104,4993000
0,3,103,2802000
0,7,107,3729000
0,3,103,2720000
0,4,104,32715000
0,4,104,31721000
0,4,104,32224000
0,3,103,2553000
0,9,109,10273000
0,1,1000,104582000
0,3,103,118441000
0,9,109,110302000
0,3,103,18799000
0,4,104,29047000
0,1,1000,24983000
0,9,109,28391000
0,3,103,2977000
0,7,107,17650000
0,1,1000,17756000
0,4,104,21481000
0,7,107,8104000
0,1,1000,8180000
0,3,103,9167000
0,1,1000,8236000
0,1,1000,7915000
0,1,1000,6368000
0,4,104,8427000
0,9,109,11723000
0,4,104,10680000
0,9,109,7543000
0,1,1000,2928000
0,3,103,2002000
0,1,1000,2370000
0,7,107,2352000
0,7,107,4615000
0,1,1000,3686000
0,4,104,4827000
0,9,109,3357000
0,4,104,3969000
0,3,103,2686000
0,3,103,2580000
0,3,103,1945000
0,1,1000,2531000
0,4,104,3367000
0,4,104,3965000
0,4,104,3606000
0,1,1000,3668000
0,3,103,2542000
0,3,103,2075000
0,3,103,1838000
0,4,104,2679000
0,7,107,4668000
0,4,104,2742000
0,3,103,1193000
0,4,104,4391000
0,1,1000,3955000
0,1,1000,4058000
0,1,1000,1881000
0,3,103,3801000
0,1,1000,3877000
0,4,104,3269000
0,3,103,4743000
0,4,104,7570000
0,3,103,4600000
0,3,103,3412000
0,3,103,4307000
0,4,104,5921000
0,7,107,2203000
0,4,104,7174000
0,3,103,1249000
0,1,1000,1384000
0,7,107,2061000
0,1,1000,3153000
0,7,107,18060000
0,3,103,18893000
0,7,107,20397000
0,4,104,7625000
0,4,104,5775000
0,4,104,3680000
0,3,103,2061000
0,7,107,2583000
0,3,103,3187000
0,1,1000,2349000
0,9,109,2339000
0,7,107,2608000
0,1,1000,3126000
0,4,104,5494000
0,7,107,2120000
0,7,107,2819000
0,4,104,6648000
0,4,104,5652000
0,1,1000,5464000
0,3,103,2700000
0,3,103,2867000
0,1,1000,3039000
0,1,1000,2391000
0,7,107,3791000
0,4,104,4957000
0,1,1000,4882000
0,7,107,2909000
0,3,103,2607000
0,9,109,2486000
0,1,1000,1704000
0,4,104,3184000
0,1,1000,3654000
0,1,1000,3393000
0,3,103,2493000
0,7,107,3688000
0,1,1000,2363000
0,1,1000,3711000
0,1,1000,2147000
0,1,1000,2656000
0,4,104,2528000
0,1,1000,3437000
0,1,1000,3585000
0,3,103,3275000
0,3,103,3614000
0,1,1000,3264000
0,4,104,8380000
0,7,107,7795000
0,1,1000,9666000
0,3,103,3195000
0,1,1000,3399000
0,4,104,2591000
0,4,104,2494000
0,1,1000,4835000
0,3,103,2378000
0,7,107,3245000
0,1,1000,2144000
0,7,107,3298000
0,4,104,4297000
0,4,104,5998000
0,7,107,5529000
0,3,103,5846000
0,3,103,4892000
0,7,107,4321000
0,4,104,2871000
0,7,107,3033000
0,3,103,1965000
0,4,104,4947000
0,1,1000,3247000
0,3,103,2030000
0,1,1000,3762000
0,1,1000,4417000
0,4,104,7116000
0,1,1000,5484000
0,7,107,5299000
0,7,107,5819000
0,3,103,8539000
0,1,1000,6944000
0,4,104,8055000
0,7,107,10785000
0,4,104,12283000
0,3,103,9923000
0,1,1000,7352000
0,3,103,5518000
0,7,107,3918000
0,9,109,2801000
0,7,107,2064000
0,1,1000,2056000
0,1,1000,5630000
0,4,104,5833000
0,4,104,3015000
0,9,109,2485000
0,3,103,4157000
0,1,1000,5348000
0,3,103,9373000
0,1,1000,9289000
0,4,104,8554000
0,4,104,7530000
0,1,1000,5858000
0,3,103,6426000
0,3,103,8658000
0,4,104,14676000
0,9,109,14104000
0,1,1000,11456000
0,3,103,10206000
0,7,107,10882000
0,1,1000,10976000
0,7,107,8710000
0,1,1000,9035000
0,4,104,8678000
0,1,1000,6662000
0,3,103,6918000
0,3,103,7299000
0,7,107,8030000
0,1,1000,6668000
0,7,107,9031000
0,1,1000,8837000
0,4,104,7496000
0,4,104,3935000
0,4,104,2728000
0,4,104,4762000
0,3,103,4733000
0,3,103,4269000
0,3,103,2621000
0,7,107,2221000
0,1,1000,3809000
0,9,109,3867000
0,4,104,4725000
0,9,109,3059000
0,3,103,3228000
0,3,103,2097000
0,7,107,2504000
0,1,1000,2073000
0,7,107,1885000
0,1,1000,1736000
0,1,1000,2150000
0,7,107,2349000
0,7,107,1588000
0,7,107,2990000
0,9,109,3368000
0,9,109,2454000
0,4,104,4535000
0,1,1000,5774000
0,1,1000,6973000
0,1,1000,3176000
0,4,104,4310000
0,7,107,3728000
0,7,107,2941000
0,3,103,1572000
0,4,104,1925000
0,4,104,2145000
0,7,107,2278000
0,3,103,1287000
0,3,103,1283000
0,7,107,2212000
0,7,107,1892000
0,4,104,2598000
0,1,1000,1748000
0,4,104,2508000
0,3,103,2543000
0,1,1000,1955000
0,3,103,1439000
0,1,1000,1370000
0,1,1000,1388000
0,7,107,1603000
0,4,104,2597000
0,3,103,2135000
0,1,1000,2380000
0,3,103,1879000
0,1,1000,2363000
0,1,1000,2286000
0,4,104,1942000
0,1,1000,1567000
0,1,1000,2678000
0,3,103,2073000
0,9,109,2471000
0,7,107,5606000
0,4,104,6991000
0,4,104,5776000
0,1,1000,5580000
0,3,103,13352000
0,1,1000,13044000
0,3,103,9908000
0,1,1000,2499000
0,7,107,2904000
0,1,1000,1618000
0,9,109,3108000
0,4,104,3027000
0,3,103,1789000
0,1,1000,7289000
0,1,1000,3519000
0,1,1000,7258000
0,1,1000,3015000
0,4,104,3511000
0,1,1000,2692000
0,1,1000,1714000
0,3,103,1688000
0,1,1000,1650000
0,4,104,2249000
0,1,1000,2278000
0,1,1000,2025000
0,4,104,2491000
0,7,107,3130000
0,4,104,4783000
0,3,103,2549000
0,3,103,1450000
0,4,104,4129000
0,1,1000,3896000
0,7,107,5175000
0,3,103,5504000
0,3,103,3792000
0,4,104,3675000
0,1,1000,2951000
0,4,104,3012000
0,3,103,3669000
0,1,1000,2034000
0,4,104,3205000
0,3,103,2254000
0,4,104,2306000
0,3,103,1868000
0,1,1000,1334000
0,3,103,1498000
0,3,103,1675000
0,7,107,1277000
0,4,104,2131000
0,4,104,2748000
0,4,104,2448000
0,7,107,2249000
0,9,109,1106000
0,3,103,1325000
0,1,1000,1551000
0,9,109,1644000
0,1,1000,1287000
0,7,107,1608000
0,9,109,1988000
0,1,1000,1864000
0,1,1000,1797000
0,3,103,1506000
0,1,1000,2535000
0,4,104,2430000
0,4,104,3791000
0,3,103,1771000
0,4,104,3414000
0,1,1000,1805000
0,7,107,2312000
0,3,103,2348000
0,9,109,1328000
0,4,104,3981000
0,4,104,2110000
0,4,104,3144000
0,3,103,1590000
0,3,103,1904000
0,3,103,3930000
0,1,1000,3789000
0,7,107,4322000
0,7,107,1662000
0,7,107,2835000
0,3,103,2408000
0,7,107,3971000
0,1,1000,1794000
0,4,104,3639000
0,7,107,1807000
0,1,1000,2542000
0,3,103,1966000
0,7,107,3243000
0,4,104,2237000
0,4,104,2974000
0,9,109,2325000
0,4,104,2371000
0,3,103,2408000
0,3,103,1559000
0,1,1000,3422000
0,1,1000,2559000
0,4,104,4719000
0,4,104,2644000
0,7,107,2718000
0,3,103,1642000
0,3,103,2345000
0,7,107,3324000
0,4,104,3429000
0,7,107,3700000
0,3,103,1970000
0,4,104,3098000
0,7,107,1998000
0,3,103,1935000
0,3,103,2426000
0,4,104,2191000
0,1,1000,2947000
0,3,103,1871000
0,4,104,3658000
0,7,107,1770000
0,4,104,3138000
0,3,103,3347000
0,3,103,4403000
0,4,104,4692000
0,7,107,3954000
0,3,103,4844000
0,3,103,5951000
0,4,104,10828000
0,4,104,9889000
0,7,107,9589000
0,3,103,5763000
0,4,104,6190000
0,4,104,5801000
0,1,1000,4906000
0,1,1000,4897000
0,3,103,5282000
0,3,103,5765000
0,1,1000,6040000
0,4,104,6242000
0,7,107,5481000
0,7,107,4908000
0,3,103,4822000
0,9,109,5592000
0,7,107,5869000
0,4,104,5445000
0,7,107,3258000
0,7,107,2423000
0,3,103,1776000
0,1,1000,2291000
0,1,1000,2031000
0,1,1000,4734000
0,1,1000,4501000
0,4,104,6726000
0,4,104,3278000
0,4,104,5018000
0,3,103,2063000
0,7,107,1840000
0,9,109,1259000
0,3,103,2478000
0,1,1000,2404000
0,4,104,2645000
0,1,1000,2999000
0,9,109,3118000
0,3,103,4121000
0,4,104,3779000
0,3,103,2052000
0,4,104,4968000
0,3,103,3453000
0,7,107,2107000
0,3,103,2097000
0,7,107,3082000
0,7,107,4651000
0,1,1000,5245000
0,1,1000,5680000
0,1,1000,7258000
0,7,107,8022000
0,4,104,13428000
0,4,104,7652000
0,1,1000,1836000
0,1,1000,1769000
0,3,103,1193000
0,1,1000,1220000
0,1,1000,1785000
0,4,104,2390000
0,4,104,2197000
0,1,1000,2363000
0,3,103,1300000
0,3,103,1547000
0,1,1000,1557000
0,1,1000,2398000
0,4,104,4034000
0,7,107,1885000
0,1,1000,1490000
0,3,103,1888000
0,4,104,2546000
0,7,107,2061000
0,4,104,2462000
0,3,103,1976000
0,3,103,1353000
0,3,103,1574000
0,4,104,3437000
0,4,104,1861000
0,3,103,1331000
0,4,104,2056000
0,3,103,1055000
0,4,104,2156000
0,4,104,2590000
0,4,104,3633000
0,3,103,2319000
0,3,103,1711000
0,3,103,1115000
0,7,107,1773000
0,1,1000,1733000
0,1,1000,3131000
0,3,103,2649000
0,9,109,2498000
0,7,107,1442000
0,4,104,2233000
0,1,1000,2261000
0,1,1000,1597000
0,3,103,1919000
0,9,109,1548000
0,4,104,1793000
0,4,104,3182000
0,3,103,1255000
0,4,104,2504000
0,3,103,1811000
0,7,107,1126000
0,1,1000,1677000
0,7,107,1758000
0,1,1000,2561000
0,9,109,1599000
0,4,104,2877000
0,1,1000,1925000
0,1,1000,2264000
0,3,103,1144000
0,1,1000,1376000
0,4,104,2220000
0,7,107,1953000
0,9,109,1336000
0,3,103,1873000
0,1,1000,2601000
0,3,103,1895000
0,7,107,2476000
0,4,104,3871000
0,4,104,2748000
0,1,1000,1796000
0,3,103,1735000
0,3,103,2683000
0,1,1000,1318000
0,3,103,1357000
0,4,104,2419000
0,1,1000,1593000
0,7,107,1721000
0,3,103,1743000
0,4,104,3749000
0,7,107,3901000
0,1,1000,4236000
0,1,1000,1964000
0,7,107,2236000
0,4,104,3777000
0,1,1000,3290000
0,4,104,4223000
0,3,103,2932000
0,1,1000,2637000
0,7,107,1702000
0,1,1000,3410000
0,7,107,4268000
0,4,104,3598000
0,4,104,3206000
0,1,1000,3307000
0,3,103,1951000
0,3,103,1603000
0,7,107,1486000
0,7,107,1415000
0,4,104,2511000
0,3,103,1476000
0,3,103,1741000
0,4,104,2664000
0,1,1000,1635000
0,3,103,1373000
0,1,1000,2158000
0,4,104,2383000
0,9,109,1797000
0,4,104,1940000
0,1,1000,2037000
0,7,107,1948000
0,3,103,1634000
0,9,109,1481000
0,7,107,1516000
0,4,104,2263000
0,1,1000,1359000
0,3,103,1335000
0,1,1000,1733000
0,4,104,2099000
0,1,1000,1718000
0,1,1000,2436000
0,3,103,1047000
0,3,103,1469000
0,9,109,1576000
0,7,107,1846000
0,7,107,1833000
0,4,104,2816000
0,4,104,3075000
0,4,104,2930000
0,3,103,1169000
0,4,104,4134000
0,3,103,5421000
0,3,103,5471000
0,9,109,7406000
0,3,103,6628000
0,4,104,5822000
0,7,107,5886000
0,4,104,4292000
0,3,103,4349000
0,1,1000,5653000
0,1,1000,7142000
0,4,104,5841000
0,1,1000,4934000
0,7,107,6430000
0,3,103,13155000
0,1,1000,22508000
0,1,1000,21181000
0,1,1000,18532000
0,4,104,10369000
0,3,103,8423000
0,9,109,5446000
0,3,103,2200000
0,7,107,1615000
0,1,1000,1378000
0,1,1000,1685000
0,7,107,1340000
0,4,104,3110000
0,4,104,2565000
0,1,1000,2371000
0,3,103,1356000
0,4,104,2970000
0,1,1000,2085000
0,4,104,4765000
0,3,103,5161000
0,3,103,2366000
0,4,104,4564000
0,1,1000,4757000
0,4,104,6967000
0,3,103,6530000
0,7,107,6329000
0,3,103,2701000
0,1,1000,4230000
0,4,104,4501000
0,7,107,2527000
0,4,104,6121000
0,1,1000,2970000
0,3,103,8036000
0,3,103,10295000
0,4,104,17605000
0,4,104,14183000
0,9,109,10694000
0,3,103,3132000
0,3,103,5911000
0,1,1000,7645000
0,1,1000,6297000
0,1,1000,3542000
0,4,104,3842000
0,3,103,4766000
0,1,1000,6878000
0,3,103,6088000
0,7,107,6257000
0,1,1000,4881000
0,1,1000,4158000
0,1,1000,3531000
0,4,104,3836000
0,1,1000,4227000
0,1,1000,4634000
0,3,103,7709000
0,9,109,6457000
0,7,107,21485000
0,7,107,19618000
0,9,109,20746000
0,7,107,10246000
0,7,107,12620000
0,9,109,12619000
0,7,107,2266000
0,7,107,2494000
0,1,1000,3592000
0,4,104,4054000
0,4,104,4714000
0,9,109,2762000
0,7,107,3112000
0,3,103,2320000
0,4,104,2804000
0,3,103,2528000
0,3,103,1900000
0,7,107,3235000
0,1,1000,2884000
0,1,1000,5228000
0,1,1000,7971000
0,9,109,6976000
0,3,103,8134000
0,1,1000,5218000
0,4,104,8039000
0,1,1000,3758000
0,1,1000,6217000
0,3,103,5668000
0,4,104,3641000
0,4,104,2576000
0,1,1000,3480000
0,1,1000,3831000
0,7,107,2844000
0,3,103,2482000
0,3,103,2891000
0,1,1000,3726000
0,1,1000,3145000
0,1,1000,2845000
0,7,107,2175000
0,4,104,3152000
0,9,109,1875000
0,4,104,5448000
0,1,1000,3530000
0,1,1000,4635000
0,4,104,3445000
0,4,104,3778000
0,3,103,1655000
0,7,107,2362000
0,3,103,1983000
0,7,107,4136000
0,4,104,6432000
0,4,104,4501000
0,1,1000,3224000
0,3,103,1655000
0,3,103,1921000
0,1,1000,2137000
0,7,107,4320000
0,9,109,4676000
0,7,107,7913000
0,4,104,3182000
0,3,103,1484000
0,1,1000,3679000
0,1,1000,1847000
0,1,1000,4238000
0,1,1000,2982000
0,1,1000,4219000
0,4,104,3752000
0,4,104,4869000
0,4,104,6059000
0,3,103,12260000
0,3,103,17529000
0,3,103,11967000
0,4,104,4308000
0,1,1000,5076000
0,4,104,4676000
0,3,103,2146000
0,3,103,3344000
0,3,103,4597000
0,7,107,3017000
0,7,107,7551000
0,1,1000,7485000
0,1,1000,9430000
0,1,1000,3600000
0,1,1000,12419000
0,4,104,11440000
0,4,104,11168000
0,4,104,3319000
0,7,107,3228000
0,3,103,8881000
0,3,103,29334000
0,7,107,24005000
0,9,109,30044000
0,4,104,3436000
0,1,1000,3908000
0,1,1000,4522000
0,3,103,2688000
0,4,104,5599000
0,1,1000,5785000
